<?xml version="1.0" encoding="UTF-8"?>
<!-- Generated by org.testng.reporters.JUnitXMLReporter -->
<testsuite ignored="0" hostname="DESKTOP-Q82OL9U" failures="0" tests="3" name="Default test" time="16.308" errors="0" timestamp="2024-07-17T12:59:03 IST">
  <testcase classname="SDET_assignments.alerts" name="alert_1" time="6.21"/>
  <testcase classname="SDET_assignments.alerts" name="alert_2" time="0.127"/>
  <testcase classname="SDET_assignments.alerts" name="alert_3" time="0.119"/>
</testsuite> <!-- Default test -->
