<?xml version="1.0" encoding="UTF-8"?>
<testng-results ignored="0" total="1" passed="1" failed="0" skipped="0">
  <reporter-output>
  </reporter-output>
  <suite started-at="2024-07-17T09:52:40 IST" name="Default suite" finished-at="2024-07-17T09:52:59 IST" duration-ms="18909">
    <groups>
    </groups>
    <test started-at="2024-07-17T09:52:40 IST" name="Default test" finished-at="2024-07-17T09:52:59 IST" duration-ms="18909">
      <class name="SDET_assignments.Frames">
        <test-method is-config="true" signature="bt()[pri:0, instance:SDET_assignments.Frames@bae7dc0]" started-at="2024-07-17T09:52:40 IST" name="bt" finished-at="2024-07-17T09:52:50 IST" duration-ms="10022" status="PASS">
          <reporter-output>
          </reporter-output>
        </test-method> <!-- bt -->
        <test-method signature="tc_1()[pri:0, instance:SDET_assignments.Frames@bae7dc0]" started-at="2024-07-17T09:52:50 IST" name="tc_1" finished-at="2024-07-17T09:52:58 IST" duration-ms="8186" status="PASS">
          <reporter-output>
          </reporter-output>
        </test-method> <!-- tc_1 -->
        <test-method is-config="true" signature="AT()[pri:0, instance:SDET_assignments.Frames@bae7dc0]" started-at="2024-07-17T09:52:58 IST" name="AT" finished-at="2024-07-17T09:52:59 IST" duration-ms="570" status="PASS">
          <reporter-output>
          </reporter-output>
        </test-method> <!-- AT -->
      </class> <!-- SDET_assignments.Frames -->
    </test> <!-- Default test -->
  </suite> <!-- Default suite -->
</testng-results>
