<?xml version="1.0" encoding="UTF-8"?>
<testng-results ignored="0" total="3" passed="3" failed="0" skipped="0">
  <reporter-output>
  </reporter-output>
  <suite started-at="2024-07-17T12:58:47 IST" name="Default suite" finished-at="2024-07-17T12:59:03 IST" duration-ms="16308">
    <groups>
    </groups>
    <test started-at="2024-07-17T12:58:47 IST" name="Default test" finished-at="2024-07-17T12:59:03 IST" duration-ms="16308">
      <class name="SDET_assignments.alerts">
        <test-method is-config="true" signature="BT()[pri:0, instance:SDET_assignments.alerts@bae7dc0]" started-at="2024-07-17T12:58:47 IST" name="BT" finished-at="2024-07-17T12:58:57 IST" duration-ms="9746" status="PASS">
          <reporter-output>
          </reporter-output>
        </test-method> <!-- BT -->
        <test-method signature="alert_1()[pri:0, instance:SDET_assignments.alerts@bae7dc0]" started-at="2024-07-17T12:58:57 IST" name="alert_1" finished-at="2024-07-17T12:59:03 IST" duration-ms="6210" status="PASS">
          <reporter-output>
          </reporter-output>
        </test-method> <!-- alert_1 -->
        <test-method signature="alert_2()[pri:0, instance:SDET_assignments.alerts@bae7dc0]" started-at="2024-07-17T12:59:03 IST" name="alert_2" finished-at="2024-07-17T12:59:03 IST" duration-ms="127" status="PASS">
          <reporter-output>
          </reporter-output>
        </test-method> <!-- alert_2 -->
        <test-method signature="alert_3()[pri:0, instance:SDET_assignments.alerts@bae7dc0]" started-at="2024-07-17T12:59:03 IST" name="alert_3" finished-at="2024-07-17T12:59:03 IST" duration-ms="119" status="PASS">
          <reporter-output>
          </reporter-output>
        </test-method> <!-- alert_3 -->
      </class> <!-- SDET_assignments.alerts -->
    </test> <!-- Default test -->
  </suite> <!-- Default suite -->
</testng-results>
